{"/Users/hotthoughts/PersonalProjects/brew-recipes/scripts/lib/check-site.mjs": {"path":"/Users/hotthoughts/PersonalProjects/brew-recipes/scripts/lib/check-site.mjs","all":false,"statementMap":{"0":{"start":{"line":1,"column":0},"end":{"line":1,"column":43}},"1":{"start":{"line":2,"column":0},"end":{"line":2,"column":81}},"3":{"start":{"line":4,"column":0},"end":{"line":4,"column":25}},"4":{"start":{"line":5,"column":0},"end":{"line":5,"column":29}},"5":{"start":{"line":6,"column":0},"end":{"line":6,"column":31}},"7":{"start":{"line":8,"column":0},"end":{"line":8,"column":30}},"8":{"start":{"line":9,"column":0},"end":{"line":9,"column":24}},"10":{"start":{"line":11,"column":0},"end":{"line":11,"column":3}},"11":{"start":{"line":12,"column":0},"end":{"line":12,"column":70}},"12":{"start":{"line":13,"column":0},"end":{"line":13,"column":22}},"13":{"start":{"line":14,"column":0},"end":{"line":14,"column":31}},"14":{"start":{"line":15,"column":0},"end":{"line":15,"column":3}},"15":{"start":{"line":16,"column":0},"end":{"line":16,"column":28}},"16":{"start":{"line":17,"column":0},"end":{"line":17,"column":69}},"17":{"start":{"line":18,"column":0},"end":{"line":18,"column":49}},"18":{"start":{"line":19,"column":0},"end":{"line":19,"column":30}},"19":{"start":{"line":20,"column":0},"end":{"line":20,"column":29}},"20":{"start":{"line":21,"column":0},"end":{"line":21,"column":77}},"21":{"start":{"line":22,"column":0},"end":{"line":22,"column":22}},"22":{"start":{"line":23,"column":0},"end":{"line":23,"column":5}},"23":{"start":{"line":24,"column":0},"end":{"line":24,"column":3}},"24":{"start":{"line":25,"column":0},"end":{"line":25,"column":1}},"26":{"start":{"line":27,"column":0},"end":{"line":27,"column":3}},"27":{"start":{"line":28,"column":0},"end":{"line":28,"column":75}},"28":{"start":{"line":29,"column":0},"end":{"line":29,"column":54}},"29":{"start":{"line":30,"column":0},"end":{"line":30,"column":66}},"30":{"start":{"line":31,"column":0},"end":{"line":31,"column":57}},"31":{"start":{"line":32,"column":0},"end":{"line":32,"column":104}},"32":{"start":{"line":33,"column":0},"end":{"line":33,"column":3}},"33":{"start":{"line":34,"column":0},"end":{"line":34,"column":55}},"34":{"start":{"line":35,"column":0},"end":{"line":35,"column":41}},"35":{"start":{"line":36,"column":0},"end":{"line":36,"column":35}},"36":{"start":{"line":37,"column":0},"end":{"line":37,"column":85}},"37":{"start":{"line":38,"column":0},"end":{"line":38,"column":51}},"39":{"start":{"line":40,"column":0},"end":{"line":40,"column":10}},"40":{"start":{"line":41,"column":0},"end":{"line":41,"column":12}},"41":{"start":{"line":42,"column":0},"end":{"line":42,"column":15}},"42":{"start":{"line":43,"column":0},"end":{"line":43,"column":59}},"43":{"start":{"line":44,"column":0},"end":{"line":44,"column":63}},"44":{"start":{"line":45,"column":0},"end":{"line":45,"column":4}},"45":{"start":{"line":46,"column":0},"end":{"line":46,"column":1}},"47":{"start":{"line":48,"column":0},"end":{"line":48,"column":3}},"48":{"start":{"line":49,"column":0},"end":{"line":49,"column":60}},"49":{"start":{"line":50,"column":0},"end":{"line":50,"column":29}},"50":{"start":{"line":51,"column":0},"end":{"line":51,"column":26}},"51":{"start":{"line":52,"column":0},"end":{"line":52,"column":3}},"52":{"start":{"line":53,"column":0},"end":{"line":53,"column":44}},"53":{"start":{"line":54,"column":0},"end":{"line":54,"column":19}},"54":{"start":{"line":55,"column":0},"end":{"line":55,"column":27}},"55":{"start":{"line":56,"column":0},"end":{"line":56,"column":25}},"56":{"start":{"line":57,"column":0},"end":{"line":57,"column":3}},"57":{"start":{"line":58,"column":0},"end":{"line":58,"column":1}},"59":{"start":{"line":60,"column":0},"end":{"line":60,"column":3}},"60":{"start":{"line":61,"column":0},"end":{"line":61,"column":46}},"61":{"start":{"line":62,"column":0},"end":{"line":62,"column":24}},"62":{"start":{"line":63,"column":0},"end":{"line":63,"column":20}},"63":{"start":{"line":64,"column":0},"end":{"line":64,"column":3}},"64":{"start":{"line":65,"column":0},"end":{"line":65,"column":35}},"65":{"start":{"line":66,"column":0},"end":{"line":66,"column":22}},"66":{"start":{"line":67,"column":0},"end":{"line":67,"column":29}},"67":{"start":{"line":68,"column":0},"end":{"line":68,"column":30}},"68":{"start":{"line":69,"column":0},"end":{"line":69,"column":29}},"69":{"start":{"line":70,"column":0},"end":{"line":70,"column":28}},"70":{"start":{"line":71,"column":0},"end":{"line":71,"column":29}},"71":{"start":{"line":72,"column":0},"end":{"line":72,"column":1}},"73":{"start":{"line":74,"column":0},"end":{"line":74,"column":3}},"74":{"start":{"line":75,"column":0},"end":{"line":75,"column":59}},"75":{"start":{"line":76,"column":0},"end":{"line":76,"column":49}},"76":{"start":{"line":77,"column":0},"end":{"line":77,"column":41}},"77":{"start":{"line":78,"column":0},"end":{"line":78,"column":35}},"78":{"start":{"line":79,"column":0},"end":{"line":79,"column":32}},"79":{"start":{"line":80,"column":0},"end":{"line":80,"column":3}},"80":{"start":{"line":81,"column":0},"end":{"line":81,"column":53}},"81":{"start":{"line":82,"column":0},"end":{"line":82,"column":112}},"82":{"start":{"line":83,"column":0},"end":{"line":83,"column":30}},"83":{"start":{"line":84,"column":0},"end":{"line":84,"column":31}},"84":{"start":{"line":85,"column":0},"end":{"line":85,"column":54}},"85":{"start":{"line":86,"column":0},"end":{"line":86,"column":32}},"86":{"start":{"line":87,"column":0},"end":{"line":87,"column":3}},"87":{"start":{"line":88,"column":0},"end":{"line":88,"column":19}},"88":{"start":{"line":89,"column":0},"end":{"line":89,"column":1}},"90":{"start":{"line":91,"column":0},"end":{"line":91,"column":3}},"91":{"start":{"line":92,"column":0},"end":{"line":92,"column":51}},"92":{"start":{"line":93,"column":0},"end":{"line":93,"column":43}},"93":{"start":{"line":94,"column":0},"end":{"line":94,"column":71}},"94":{"start":{"line":95,"column":0},"end":{"line":95,"column":34}},"95":{"start":{"line":96,"column":0},"end":{"line":96,"column":3}},"96":{"start":{"line":97,"column":0},"end":{"line":97,"column":49}},"97":{"start":{"line":98,"column":0},"end":{"line":98,"column":20}},"98":{"start":{"line":99,"column":0},"end":{"line":99,"column":29}},"99":{"start":{"line":100,"column":0},"end":{"line":100,"column":43}},"100":{"start":{"line":101,"column":0},"end":{"line":101,"column":38}},"101":{"start":{"line":102,"column":0},"end":{"line":102,"column":70}},"102":{"start":{"line":103,"column":0},"end":{"line":103,"column":5}},"103":{"start":{"line":104,"column":0},"end":{"line":104,"column":26}},"104":{"start":{"line":105,"column":0},"end":{"line":105,"column":66}},"105":{"start":{"line":106,"column":0},"end":{"line":106,"column":59}},"106":{"start":{"line":107,"column":0},"end":{"line":107,"column":79}},"107":{"start":{"line":108,"column":0},"end":{"line":108,"column":5}},"108":{"start":{"line":109,"column":0},"end":{"line":109,"column":3}},"109":{"start":{"line":110,"column":0},"end":{"line":110,"column":20}},"110":{"start":{"line":111,"column":0},"end":{"line":111,"column":1}}},"s":{"0":1,"1":1,"3":1,"4":1,"5":1,"7":1,"8":1,"10":1,"11":1,"12":1,"13":1,"14":1,"15":1,"16":6,"17":8,"18":8,"19":5,"20":8,"21":3,"22":3,"23":8,"24":6,"26":1,"27":1,"28":1,"29":1,"30":1,"31":1,"32":1,"33":1,"34":4,"35":4,"36":4,"37":4,"39":4,"40":4,"41":4,"42":4,"43":4,"44":4,"45":4,"47":1,"48":1,"49":1,"50":1,"51":1,"52":1,"53":2,"54":1,"55":1,"56":1,"57":2,"59":1,"60":1,"61":1,"62":1,"63":1,"64":1,"65":17,"66":17,"67":17,"68":17,"69":17,"70":17,"71":17,"73":1,"74":1,"75":1,"76":1,"77":1,"78":1,"79":1,"80":1,"81":1,"82":1,"83":1,"84":3,"85":3,"86":3,"87":1,"88":1,"90":1,"91":1,"92":1,"93":1,"94":1,"95":1,"96":1,"97":5,"98":5,"99":6,"100":6,"101":1,"102":1,"103":6,"104":1,"105":6,"106":2,"107":2,"108":6,"109":5,"110":5},"branchMap":{"0":{"type":"branch","line":16,"loc":{"start":{"line":16,"column":7},"end":{"line":25,"column":1}},"locations":[{"start":{"line":16,"column":7},"end":{"line":25,"column":1}}]},"1":{"type":"branch","line":17,"loc":{"start":{"line":17,"column":68},"end":{"line":24,"column":3}},"locations":[{"start":{"line":17,"column":68},"end":{"line":24,"column":3}}]},"2":{"type":"branch","line":19,"loc":{"start":{"line":19,"column":29},"end":{"line":21,"column":5}},"locations":[{"start":{"line":19,"column":29},"end":{"line":21,"column":5}}]},"3":{"type":"branch","line":21,"loc":{"start":{"line":21,"column":5},"end":{"line":23,"column":5}},"locations":[{"start":{"line":21,"column":5},"end":{"line":23,"column":5}}]},"4":{"type":"branch","line":21,"loc":{"start":{"line":21,"column":44},"end":{"line":21,"column":74}},"locations":[{"start":{"line":21,"column":44},"end":{"line":21,"column":74}}]},"5":{"type":"branch","line":34,"loc":{"start":{"line":34,"column":7},"end":{"line":46,"column":1}},"locations":[{"start":{"line":34,"column":7},"end":{"line":46,"column":1}}]},"6":{"type":"branch","line":35,"loc":{"start":{"line":35,"column":26},"end":{"line":35,"column":40}},"locations":[{"start":{"line":35,"column":26},"end":{"line":35,"column":40}}]},"7":{"type":"branch","line":36,"loc":{"start":{"line":36,"column":23},"end":{"line":36,"column":34}},"locations":[{"start":{"line":36,"column":23},"end":{"line":36,"column":34}}]},"8":{"type":"branch","line":37,"loc":{"start":{"line":37,"column":79},"end":{"line":37,"column":84}},"locations":[{"start":{"line":37,"column":79},"end":{"line":37,"column":84}}]},"9":{"type":"branch","line":53,"loc":{"start":{"line":53,"column":7},"end":{"line":58,"column":1}},"locations":[{"start":{"line":53,"column":7},"end":{"line":58,"column":1}}]},"10":{"type":"branch","line":54,"loc":{"start":{"line":54,"column":18},"end":{"line":57,"column":3}},"locations":[{"start":{"line":54,"column":18},"end":{"line":57,"column":3}}]},"11":{"type":"branch","line":65,"loc":{"start":{"line":65,"column":7},"end":{"line":72,"column":1}},"locations":[{"start":{"line":65,"column":7},"end":{"line":72,"column":1}}]},"12":{"type":"branch","line":81,"loc":{"start":{"line":81,"column":7},"end":{"line":89,"column":1}},"locations":[{"start":{"line":81,"column":7},"end":{"line":89,"column":1}}]},"13":{"type":"branch","line":82,"loc":{"start":{"line":82,"column":41},"end":{"line":82,"column":55}},"locations":[{"start":{"line":82,"column":41},"end":{"line":82,"column":55}}]},"14":{"type":"branch","line":84,"loc":{"start":{"line":84,"column":30},"end":{"line":87,"column":3}},"locations":[{"start":{"line":84,"column":30},"end":{"line":87,"column":3}}]},"15":{"type":"branch","line":85,"loc":{"start":{"line":85,"column":30},"end":{"line":85,"column":54}},"locations":[{"start":{"line":85,"column":30},"end":{"line":85,"column":54}}]},"16":{"type":"branch","line":82,"loc":{"start":{"line":82,"column":69},"end":{"line":82,"column":110}},"locations":[{"start":{"line":82,"column":69},"end":{"line":82,"column":110}}]},"17":{"type":"branch","line":97,"loc":{"start":{"line":97,"column":7},"end":{"line":111,"column":1}},"locations":[{"start":{"line":97,"column":7},"end":{"line":111,"column":1}}]},"18":{"type":"branch","line":99,"loc":{"start":{"line":99,"column":28},"end":{"line":109,"column":3}},"locations":[{"start":{"line":99,"column":28},"end":{"line":109,"column":3}}]},"19":{"type":"branch","line":101,"loc":{"start":{"line":101,"column":37},"end":{"line":103,"column":5}},"locations":[{"start":{"line":101,"column":37},"end":{"line":103,"column":5}}]},"20":{"type":"branch","line":104,"loc":{"start":{"line":104,"column":25},"end":{"line":106,"column":5}},"locations":[{"start":{"line":104,"column":25},"end":{"line":106,"column":5}}]},"21":{"type":"branch","line":106,"loc":{"start":{"line":106,"column":5},"end":{"line":108,"column":5}},"locations":[{"start":{"line":106,"column":5},"end":{"line":108,"column":5}}]},"22":{"type":"branch","line":106,"loc":{"start":{"line":106,"column":58},"end":{"line":108,"column":5}},"locations":[{"start":{"line":106,"column":58},"end":{"line":108,"column":5}}]}},"b":{"0":[6],"1":[8],"2":[5],"3":[3],"4":[0],"5":[4],"6":[0],"7":[0],"8":[0],"9":[2],"10":[1],"11":[17],"12":[1],"13":[0],"14":[3],"15":[2],"16":[3],"17":[5],"18":[6],"19":[1],"20":[1],"21":[5],"22":[2]},"fnMap":{"0":{"name":"walk","decl":{"start":{"line":16,"column":7},"end":{"line":25,"column":1}},"loc":{"start":{"line":16,"column":7},"end":{"line":25,"column":1}},"line":16},"1":{"name":"readRecipe","decl":{"start":{"line":34,"column":7},"end":{"line":46,"column":1}},"loc":{"start":{"line":34,"column":7},"end":{"line":46,"column":1}},"line":34},"2":{"name":"assert","decl":{"start":{"line":53,"column":7},"end":{"line":58,"column":1}},"loc":{"start":{"line":53,"column":7},"end":{"line":58,"column":1}},"line":53},"3":{"name":"escapeHtml","decl":{"start":{"line":65,"column":7},"end":{"line":72,"column":1}},"loc":{"start":{"line":65,"column":7},"end":{"line":72,"column":1}},"line":65},"4":{"name":"buildRecipeMap","decl":{"start":{"line":81,"column":7},"end":{"line":89,"column":1}},"loc":{"start":{"line":81,"column":7},"end":{"line":89,"column":1}},"line":81},"5":{"name":"checkDetailPage","decl":{"start":{"line":97,"column":7},"end":{"line":111,"column":1}},"loc":{"start":{"line":97,"column":7},"end":{"line":111,"column":1}},"line":97}},"f":{"0":6,"1":4,"2":2,"3":17,"4":1,"5":5}}
,"/Users/hotthoughts/PersonalProjects/brew-recipes/scripts/lib/validate.mjs": {"path":"/Users/hotthoughts/PersonalProjects/brew-recipes/scripts/lib/validate.mjs","all":false,"statementMap":{"0":{"start":{"line":1,"column":0},"end":{"line":1,"column":57}},"1":{"start":{"line":2,"column":0},"end":{"line":2,"column":79}},"3":{"start":{"line":4,"column":0},"end":{"line":4,"column":25}},"4":{"start":{"line":5,"column":0},"end":{"line":5,"column":29}},"5":{"start":{"line":6,"column":0},"end":{"line":6,"column":31}},"7":{"start":{"line":8,"column":0},"end":{"line":8,"column":3}},"8":{"start":{"line":9,"column":0},"end":{"line":9,"column":70}},"9":{"start":{"line":10,"column":0},"end":{"line":10,"column":42}},"10":{"start":{"line":11,"column":0},"end":{"line":11,"column":31}},"11":{"start":{"line":12,"column":0},"end":{"line":12,"column":3}},"12":{"start":{"line":13,"column":0},"end":{"line":13,"column":37}},"13":{"start":{"line":14,"column":0},"end":{"line":14,"column":69}},"14":{"start":{"line":15,"column":0},"end":{"line":15,"column":41}},"15":{"start":{"line":16,"column":0},"end":{"line":16,"column":30}},"16":{"start":{"line":17,"column":0},"end":{"line":17,"column":30}},"17":{"start":{"line":18,"column":0},"end":{"line":18,"column":77}},"18":{"start":{"line":19,"column":0},"end":{"line":19,"column":14}},"19":{"start":{"line":20,"column":0},"end":{"line":20,"column":5}},"20":{"start":{"line":21,"column":0},"end":{"line":21,"column":3}},"21":{"start":{"line":22,"column":0},"end":{"line":22,"column":1}},"23":{"start":{"line":24,"column":0},"end":{"line":24,"column":3}},"24":{"start":{"line":25,"column":0},"end":{"line":25,"column":65}},"25":{"start":{"line":26,"column":0},"end":{"line":26,"column":56}},"26":{"start":{"line":27,"column":0},"end":{"line":27,"column":51}},"27":{"start":{"line":28,"column":0},"end":{"line":28,"column":48}},"28":{"start":{"line":29,"column":0},"end":{"line":29,"column":59}},"29":{"start":{"line":30,"column":0},"end":{"line":30,"column":62}},"30":{"start":{"line":31,"column":0},"end":{"line":31,"column":3}},"31":{"start":{"line":32,"column":0},"end":{"line":32,"column":53}},"32":{"start":{"line":33,"column":0},"end":{"line":33,"column":20}},"33":{"start":{"line":34,"column":0},"end":{"line":34,"column":48}},"34":{"start":{"line":35,"column":0},"end":{"line":35,"column":11}},"35":{"start":{"line":36,"column":0},"end":{"line":36,"column":7}},"36":{"start":{"line":37,"column":0},"end":{"line":37,"column":21}},"37":{"start":{"line":38,"column":0},"end":{"line":38,"column":15}},"38":{"start":{"line":39,"column":0},"end":{"line":39,"column":66}},"39":{"start":{"line":40,"column":0},"end":{"line":40,"column":18}},"40":{"start":{"line":41,"column":0},"end":{"line":41,"column":3}},"42":{"start":{"line":43,"column":0},"end":{"line":43,"column":36}},"43":{"start":{"line":44,"column":0},"end":{"line":44,"column":33}},"44":{"start":{"line":45,"column":0},"end":{"line":45,"column":59}},"45":{"start":{"line":46,"column":0},"end":{"line":46,"column":5}},"46":{"start":{"line":47,"column":0},"end":{"line":47,"column":3}},"48":{"start":{"line":49,"column":0},"end":{"line":49,"column":16}},"49":{"start":{"line":50,"column":0},"end":{"line":50,"column":1}},"51":{"start":{"line":52,"column":0},"end":{"line":52,"column":3}},"52":{"start":{"line":53,"column":0},"end":{"line":53,"column":69}},"53":{"start":{"line":54,"column":0},"end":{"line":54,"column":67}},"54":{"start":{"line":55,"column":0},"end":{"line":55,"column":79}},"55":{"start":{"line":56,"column":0},"end":{"line":56,"column":62}},"56":{"start":{"line":57,"column":0},"end":{"line":57,"column":3}},"57":{"start":{"line":58,"column":0},"end":{"line":58,"column":41}},"58":{"start":{"line":59,"column":0},"end":{"line":59,"column":20}},"59":{"start":{"line":60,"column":0},"end":{"line":60,"column":17}},"60":{"start":{"line":61,"column":0},"end":{"line":61,"column":43}},"61":{"start":{"line":62,"column":0},"end":{"line":62,"column":43}},"62":{"start":{"line":63,"column":0},"end":{"line":63,"column":13}},"63":{"start":{"line":64,"column":0},"end":{"line":64,"column":9}},"64":{"start":{"line":65,"column":0},"end":{"line":65,"column":23}},"65":{"start":{"line":66,"column":0},"end":{"line":66,"column":13}},"66":{"start":{"line":67,"column":0},"end":{"line":67,"column":60}},"67":{"start":{"line":68,"column":0},"end":{"line":68,"column":15}},"68":{"start":{"line":69,"column":0},"end":{"line":69,"column":5}},"69":{"start":{"line":70,"column":0},"end":{"line":70,"column":60}},"70":{"start":{"line":71,"column":0},"end":{"line":71,"column":3}},"72":{"start":{"line":73,"column":0},"end":{"line":73,"column":25}},"73":{"start":{"line":74,"column":0},"end":{"line":74,"column":35}},"74":{"start":{"line":75,"column":0},"end":{"line":75,"column":23}},"75":{"start":{"line":76,"column":0},"end":{"line":76,"column":65}},"76":{"start":{"line":77,"column":0},"end":{"line":77,"column":5}},"77":{"start":{"line":78,"column":0},"end":{"line":78,"column":17}},"78":{"start":{"line":79,"column":0},"end":{"line":79,"column":3}},"80":{"start":{"line":81,"column":0},"end":{"line":81,"column":16}},"81":{"start":{"line":82,"column":0},"end":{"line":82,"column":1}}},"s":{"0":1,"1":1,"3":1,"4":1,"5":1,"7":1,"8":1,"9":1,"10":1,"11":1,"12":1,"13":43,"14":56,"15":56,"16":28,"17":28,"18":28,"19":28,"20":56,"21":43,"23":1,"24":1,"25":1,"26":1,"27":1,"28":1,"29":1,"30":1,"31":1,"32":12,"33":12,"34":12,"35":12,"36":12,"37":12,"38":2,"39":2,"40":2,"42":12,"43":6,"44":6,"45":6,"46":6,"48":10,"49":10,"51":1,"52":1,"53":1,"54":1,"55":1,"56":1,"57":1,"58":9,"59":9,"60":9,"61":15,"62":15,"63":15,"64":15,"65":15,"66":0,"67":0,"68":0,"69":15,"70":15,"72":9,"73":9,"74":15,"75":2,"76":2,"77":15,"78":15,"80":9,"81":9},"branchMap":{"0":{"type":"branch","line":13,"loc":{"start":{"line":13,"column":7},"end":{"line":22,"column":1}},"locations":[{"start":{"line":13,"column":7},"end":{"line":22,"column":1}}]},"1":{"type":"branch","line":14,"loc":{"start":{"line":14,"column":68},"end":{"line":21,"column":3}},"locations":[{"start":{"line":14,"column":68},"end":{"line":21,"column":3}}]},"2":{"type":"branch","line":16,"loc":{"start":{"line":16,"column":29},"end":{"line":20,"column":5}},"locations":[{"start":{"line":16,"column":29},"end":{"line":20,"column":5}}]},"3":{"type":"branch","line":18,"loc":{"start":{"line":18,"column":44},"end":{"line":18,"column":74}},"locations":[{"start":{"line":18,"column":44},"end":{"line":18,"column":74}}]},"4":{"type":"branch","line":32,"loc":{"start":{"line":32,"column":7},"end":{"line":50,"column":1}},"locations":[{"start":{"line":32,"column":7},"end":{"line":50,"column":1}}]},"5":{"type":"branch","line":38,"loc":{"start":{"line":38,"column":4},"end":{"line":41,"column":3}},"locations":[{"start":{"line":38,"column":4},"end":{"line":41,"column":3}}]},"6":{"type":"branch","line":41,"loc":{"start":{"line":41,"column":2},"end":{"line":43,"column":35}},"locations":[{"start":{"line":41,"column":2},"end":{"line":43,"column":35}}]},"7":{"type":"branch","line":43,"loc":{"start":{"line":43,"column":35},"end":{"line":47,"column":3}},"locations":[{"start":{"line":43,"column":35},"end":{"line":47,"column":3}}]},"8":{"type":"branch","line":45,"loc":{"start":{"line":45,"column":36},"end":{"line":45,"column":42}},"locations":[{"start":{"line":45,"column":36},"end":{"line":45,"column":42}}]},"9":{"type":"branch","line":47,"loc":{"start":{"line":47,"column":2},"end":{"line":50,"column":1}},"locations":[{"start":{"line":47,"column":2},"end":{"line":50,"column":1}}]},"10":{"type":"branch","line":58,"loc":{"start":{"line":58,"column":7},"end":{"line":82,"column":1}},"locations":[{"start":{"line":58,"column":7},"end":{"line":82,"column":1}}]},"11":{"type":"branch","line":61,"loc":{"start":{"line":61,"column":42},"end":{"line":71,"column":3}},"locations":[{"start":{"line":61,"column":42},"end":{"line":71,"column":3}}]},"12":{"type":"branch","line":66,"loc":{"start":{"line":66,"column":6},"end":{"line":69,"column":5}},"locations":[{"start":{"line":66,"column":6},"end":{"line":69,"column":5}}]},"13":{"type":"branch","line":74,"loc":{"start":{"line":74,"column":34},"end":{"line":79,"column":3}},"locations":[{"start":{"line":74,"column":34},"end":{"line":79,"column":3}}]},"14":{"type":"branch","line":75,"loc":{"start":{"line":75,"column":22},"end":{"line":77,"column":5}},"locations":[{"start":{"line":75,"column":22},"end":{"line":77,"column":5}}]}},"b":{"0":[43],"1":[56],"2":[28],"3":[0],"4":[12],"5":[2],"6":[10],"7":[6],"8":[2],"9":[10],"10":[9],"11":[15],"12":[0],"13":[15],"14":[2]},"fnMap":{"0":{"name":"walkYamlFiles","decl":{"start":{"line":13,"column":7},"end":{"line":22,"column":1}},"loc":{"start":{"line":13,"column":7},"end":{"line":22,"column":1}},"line":13},"1":{"name":"validateFile","decl":{"start":{"line":32,"column":7},"end":{"line":50,"column":1}},"loc":{"start":{"line":32,"column":7},"end":{"line":50,"column":1}},"line":32},"2":{"name":"checkUniqueIds","decl":{"start":{"line":58,"column":7},"end":{"line":82,"column":1}},"loc":{"start":{"line":58,"column":7},"end":{"line":82,"column":1}},"line":58}},"f":{"0":43,"1":12,"2":9}}
,"/Users/hotthoughts/PersonalProjects/brew-recipes/src/lib/i18n.ts": {"path":"/Users/hotthoughts/PersonalProjects/brew-recipes/src/lib/i18n.ts","all":false,"statementMap":{"0":{"start":{"line":1,"column":0},"end":{"line":1,"column":31}},"1":{"start":{"line":2,"column":0},"end":{"line":2,"column":20}},"2":{"start":{"line":3,"column":0},"end":{"line":3,"column":24}},"4":{"start":{"line":5,"column":0},"end":{"line":5,"column":57}},"6":{"start":{"line":7,"column":0},"end":{"line":7,"column":75}},"7":{"start":{"line":8,"column":0},"end":{"line":8,"column":34}},"8":{"start":{"line":9,"column":0},"end":{"line":9,"column":54}},"9":{"start":{"line":10,"column":0},"end":{"line":10,"column":72}},"10":{"start":{"line":11,"column":0},"end":{"line":11,"column":1}},"12":{"start":{"line":13,"column":0},"end":{"line":13,"column":18}},"13":{"start":{"line":14,"column":0},"end":{"line":14,"column":21}},"14":{"start":{"line":15,"column":0},"end":{"line":15,"column":21}},"15":{"start":{"line":16,"column":0},"end":{"line":16,"column":11}}},"s":{"0":1,"1":1,"2":1,"4":1,"6":1,"7":8,"8":8,"9":8,"10":8,"12":1,"13":1,"14":1,"15":1},"branchMap":{"0":{"type":"branch","line":7,"loc":{"start":{"line":7,"column":7},"end":{"line":11,"column":1}},"locations":[{"start":{"line":7,"column":7},"end":{"line":11,"column":1}}]},"1":{"type":"branch","line":8,"loc":{"start":{"line":8,"column":18},"end":{"line":8,"column":34}},"locations":[{"start":{"line":8,"column":18},"end":{"line":8,"column":34}}]}},"b":{"0":[8],"1":[3]},"fnMap":{"0":{"name":"loadLang","decl":{"start":{"line":7,"column":7},"end":{"line":11,"column":1}},"loc":{"start":{"line":7,"column":7},"end":{"line":11,"column":1}},"line":7}},"f":{"0":8}}
,"/Users/hotthoughts/PersonalProjects/brew-recipes/src/lib/recipes.ts": {"path":"/Users/hotthoughts/PersonalProjects/brew-recipes/src/lib/recipes.ts","all":false,"statementMap":{"0":{"start":{"line":1,"column":0},"end":{"line":1,"column":25}},"1":{"start":{"line":2,"column":0},"end":{"line":2,"column":29}},"2":{"start":{"line":3,"column":0},"end":{"line":3,"column":31}},"52":{"start":{"line":53,"column":0},"end":{"line":53,"column":22}},"53":{"start":{"line":54,"column":0},"end":{"line":54,"column":8}},"54":{"start":{"line":55,"column":0},"end":{"line":55,"column":9}},"55":{"start":{"line":56,"column":0},"end":{"line":56,"column":14}},"56":{"start":{"line":57,"column":0},"end":{"line":57,"column":10}},"57":{"start":{"line":58,"column":0},"end":{"line":58,"column":11}},"58":{"start":{"line":59,"column":0},"end":{"line":59,"column":11}},"59":{"start":{"line":60,"column":0},"end":{"line":60,"column":16}},"60":{"start":{"line":61,"column":0},"end":{"line":61,"column":11}},"61":{"start":{"line":62,"column":0},"end":{"line":62,"column":12}},"62":{"start":{"line":63,"column":0},"end":{"line":63,"column":10}},"63":{"start":{"line":64,"column":0},"end":{"line":64,"column":2}},"65":{"start":{"line":66,"column":0},"end":{"line":66,"column":55}},"67":{"start":{"line":68,"column":0},"end":{"line":68,"column":63}},"68":{"start":{"line":69,"column":0},"end":{"line":69,"column":42}},"69":{"start":{"line":70,"column":0},"end":{"line":70,"column":1}},"71":{"start":{"line":72,"column":0},"end":{"line":72,"column":57}},"72":{"start":{"line":73,"column":0},"end":{"line":73,"column":69}},"73":{"start":{"line":74,"column":0},"end":{"line":74,"column":49}},"75":{"start":{"line":76,"column":0},"end":{"line":76,"column":30}},"76":{"start":{"line":77,"column":0},"end":{"line":77,"column":38}},"77":{"start":{"line":78,"column":0},"end":{"line":78,"column":77}},"78":{"start":{"line":79,"column":0},"end":{"line":79,"column":22}},"79":{"start":{"line":80,"column":0},"end":{"line":80,"column":5}},"80":{"start":{"line":81,"column":0},"end":{"line":81,"column":3}},"81":{"start":{"line":82,"column":0},"end":{"line":82,"column":1}},"83":{"start":{"line":84,"column":0},"end":{"line":84,"column":52}},"84":{"start":{"line":85,"column":0},"end":{"line":85,"column":45}},"85":{"start":{"line":86,"column":0},"end":{"line":86,"column":52}},"86":{"start":{"line":87,"column":0},"end":{"line":87,"column":1}},"88":{"start":{"line":89,"column":0},"end":{"line":89,"column":55}},"89":{"start":{"line":90,"column":0},"end":{"line":90,"column":15}},"90":{"start":{"line":91,"column":0},"end":{"line":91,"column":40}},"91":{"start":{"line":92,"column":0},"end":{"line":92,"column":18}},"92":{"start":{"line":93,"column":0},"end":{"line":93,"column":32}},"93":{"start":{"line":94,"column":0},"end":{"line":94,"column":27}},"94":{"start":{"line":95,"column":0},"end":{"line":95,"column":1}},"96":{"start":{"line":97,"column":0},"end":{"line":97,"column":72}},"97":{"start":{"line":98,"column":0},"end":{"line":98,"column":38}},"98":{"start":{"line":99,"column":0},"end":{"line":99,"column":52}},"99":{"start":{"line":100,"column":0},"end":{"line":100,"column":62}},"101":{"start":{"line":102,"column":0},"end":{"line":102,"column":34}},"102":{"start":{"line":103,"column":0},"end":{"line":103,"column":69}},"103":{"start":{"line":104,"column":0},"end":{"line":104,"column":3}},"105":{"start":{"line":106,"column":0},"end":{"line":106,"column":48}},"106":{"start":{"line":107,"column":0},"end":{"line":107,"column":93}},"107":{"start":{"line":108,"column":0},"end":{"line":108,"column":72}},"109":{"start":{"line":110,"column":0},"end":{"line":110,"column":10}},"110":{"start":{"line":111,"column":0},"end":{"line":111,"column":12}},"111":{"start":{"line":112,"column":0},"end":{"line":112,"column":13}},"112":{"start":{"line":113,"column":0},"end":{"line":113,"column":37}},"113":{"start":{"line":114,"column":0},"end":{"line":114,"column":27}},"114":{"start":{"line":115,"column":0},"end":{"line":115,"column":52}},"115":{"start":{"line":116,"column":0},"end":{"line":116,"column":4}},"116":{"start":{"line":117,"column":0},"end":{"line":117,"column":1}},"118":{"start":{"line":119,"column":0},"end":{"line":119,"column":58}},"119":{"start":{"line":120,"column":0},"end":{"line":120,"column":38}},"120":{"start":{"line":121,"column":0},"end":{"line":121,"column":80}},"122":{"start":{"line":123,"column":0},"end":{"line":123,"column":33}},"123":{"start":{"line":124,"column":0},"end":{"line":124,"column":54}},"124":{"start":{"line":125,"column":0},"end":{"line":125,"column":32}},"126":{"start":{"line":127,"column":0},"end":{"line":127,"column":63}},"127":{"start":{"line":128,"column":0},"end":{"line":128,"column":36}},"129":{"start":{"line":130,"column":0},"end":{"line":130,"column":40}},"130":{"start":{"line":131,"column":0},"end":{"line":131,"column":5}},"131":{"start":{"line":132,"column":0},"end":{"line":132,"column":1}},"133":{"start":{"line":134,"column":0},"end":{"line":134,"column":75}},"134":{"start":{"line":135,"column":0},"end":{"line":135,"column":40}},"135":{"start":{"line":136,"column":0},"end":{"line":136,"column":100}},"136":{"start":{"line":137,"column":0},"end":{"line":137,"column":55}},"138":{"start":{"line":139,"column":0},"end":{"line":139,"column":33}},"139":{"start":{"line":140,"column":0},"end":{"line":140,"column":90}},"140":{"start":{"line":141,"column":0},"end":{"line":141,"column":3}},"142":{"start":{"line":143,"column":0},"end":{"line":143,"column":10}},"143":{"start":{"line":144,"column":0},"end":{"line":144,"column":12}},"144":{"start":{"line":145,"column":0},"end":{"line":145,"column":14}},"145":{"start":{"line":146,"column":0},"end":{"line":146,"column":15}},"146":{"start":{"line":147,"column":0},"end":{"line":147,"column":4}},"147":{"start":{"line":148,"column":0},"end":{"line":148,"column":1}},"149":{"start":{"line":150,"column":0},"end":{"line":150,"column":67}},"150":{"start":{"line":151,"column":0},"end":{"line":151,"column":48}},"152":{"start":{"line":153,"column":0},"end":{"line":153,"column":33}},"153":{"start":{"line":154,"column":0},"end":{"line":154,"column":34}},"154":{"start":{"line":155,"column":0},"end":{"line":155,"column":38}},"155":{"start":{"line":156,"column":0},"end":{"line":156,"column":28}},"156":{"start":{"line":157,"column":0},"end":{"line":157,"column":36}},"157":{"start":{"line":158,"column":0},"end":{"line":158,"column":18}},"158":{"start":{"line":159,"column":0},"end":{"line":159,"column":6}},"160":{"start":{"line":161,"column":0},"end":{"line":161,"column":31}},"161":{"start":{"line":162,"column":0},"end":{"line":162,"column":27}},"162":{"start":{"line":163,"column":0},"end":{"line":163,"column":3}},"164":{"start":{"line":165,"column":0},"end":{"line":165,"column":46}},"165":{"start":{"line":166,"column":0},"end":{"line":166,"column":63}},"166":{"start":{"line":167,"column":0},"end":{"line":167,"column":36}},"167":{"start":{"line":168,"column":0},"end":{"line":168,"column":44}},"168":{"start":{"line":169,"column":0},"end":{"line":169,"column":5}},"169":{"start":{"line":170,"column":0},"end":{"line":170,"column":1}},"171":{"start":{"line":172,"column":0},"end":{"line":172,"column":93}},"172":{"start":{"line":173,"column":0},"end":{"line":173,"column":82}},"173":{"start":{"line":174,"column":0},"end":{"line":174,"column":72}},"175":{"start":{"line":176,"column":0},"end":{"line":176,"column":48}},"176":{"start":{"line":177,"column":0},"end":{"line":177,"column":36}},"178":{"start":{"line":179,"column":0},"end":{"line":179,"column":42}},"179":{"start":{"line":180,"column":0},"end":{"line":180,"column":42}},"180":{"start":{"line":181,"column":0},"end":{"line":181,"column":35}},"181":{"start":{"line":182,"column":0},"end":{"line":182,"column":1}},"183":{"start":{"line":184,"column":0},"end":{"line":184,"column":89}},"184":{"start":{"line":185,"column":0},"end":{"line":185,"column":49}},"185":{"start":{"line":186,"column":0},"end":{"line":186,"column":58}},"186":{"start":{"line":187,"column":0},"end":{"line":187,"column":1}},"190":{"start":{"line":191,"column":0},"end":{"line":191,"column":69}},"192":{"start":{"line":193,"column":0},"end":{"line":193,"column":97}},"194":{"start":{"line":195,"column":0},"end":{"line":195,"column":82}},"196":{"start":{"line":197,"column":0},"end":{"line":197,"column":67}},"197":{"start":{"line":198,"column":0},"end":{"line":198,"column":42}},"198":{"start":{"line":199,"column":0},"end":{"line":199,"column":67}},"199":{"start":{"line":200,"column":0},"end":{"line":200,"column":57}},"200":{"start":{"line":201,"column":0},"end":{"line":201,"column":43}},"201":{"start":{"line":202,"column":0},"end":{"line":202,"column":2}},"203":{"start":{"line":204,"column":0},"end":{"line":204,"column":59}},"204":{"start":{"line":205,"column":0},"end":{"line":205,"column":23}},"206":{"start":{"line":207,"column":0},"end":{"line":207,"column":102}},"207":{"start":{"line":208,"column":0},"end":{"line":208,"column":35}},"208":{"start":{"line":209,"column":0},"end":{"line":209,"column":76}},"209":{"start":{"line":210,"column":0},"end":{"line":210,"column":15}},"210":{"start":{"line":211,"column":0},"end":{"line":211,"column":8}},"211":{"start":{"line":212,"column":0},"end":{"line":212,"column":38}},"212":{"start":{"line":213,"column":0},"end":{"line":213,"column":32}},"213":{"start":{"line":214,"column":0},"end":{"line":214,"column":17}},"214":{"start":{"line":215,"column":0},"end":{"line":215,"column":1}},"216":{"start":{"line":217,"column":0},"end":{"line":217,"column":58}},"217":{"start":{"line":218,"column":0},"end":{"line":218,"column":44}},"218":{"start":{"line":219,"column":0},"end":{"line":219,"column":1}},"220":{"start":{"line":221,"column":0},"end":{"line":221,"column":61}},"221":{"start":{"line":222,"column":0},"end":{"line":222,"column":86}},"222":{"start":{"line":223,"column":0},"end":{"line":223,"column":1}},"224":{"start":{"line":225,"column":0},"end":{"line":225,"column":70}},"225":{"start":{"line":226,"column":0},"end":{"line":226,"column":72}},"226":{"start":{"line":227,"column":0},"end":{"line":227,"column":30}},"227":{"start":{"line":228,"column":0},"end":{"line":228,"column":1}}},"s":{"0":1,"1":1,"2":1,"52":1,"53":1,"54":1,"55":1,"56":1,"57":1,"58":1,"59":1,"60":1,"61":1,"62":1,"63":1,"65":1,"67":18,"68":18,"69":18,"71":36,"72":36,"73":48,"75":48,"76":30,"77":48,"78":18,"79":18,"80":48,"81":36,"83":1,"84":26,"85":26,"86":26,"88":1,"89":25,"90":25,"91":25,"92":25,"93":25,"94":25,"96":18,"97":18,"98":18,"99":18,"101":18,"102":0,"103":0,"105":18,"106":18,"107":18,"109":18,"110":18,"111":18,"112":18,"113":18,"114":18,"115":18,"116":18,"118":1,"119":6,"120":6,"122":6,"123":12,"124":12,"126":6,"127":6,"129":0,"130":6,"131":6,"133":1,"134":2,"135":2,"136":2,"138":2,"139":6,"140":6,"142":2,"143":2,"144":2,"145":2,"146":2,"147":2,"149":1,"150":3,"152":3,"153":6,"154":6,"155":5,"156":5,"157":5,"158":5,"160":6,"161":6,"162":6,"164":3,"165":4,"166":4,"167":0,"168":3,"169":3,"171":1,"172":12,"173":12,"175":8,"176":8,"178":12,"179":12,"180":3,"181":3,"183":1,"184":5,"185":5,"186":5,"190":1,"192":1,"194":1,"196":1,"197":1,"198":1,"199":1,"200":1,"201":1,"203":1,"204":16,"206":14,"207":56,"208":56,"209":56,"210":14,"211":14,"212":14,"213":14,"214":14,"216":1,"217":4,"218":4,"220":1,"221":3,"222":3,"224":1,"225":4,"226":4,"227":4},"branchMap":{"0":{"type":"branch","line":68,"loc":{"start":{"line":68,"column":0},"end":{"line":70,"column":1}},"locations":[{"start":{"line":68,"column":0},"end":{"line":70,"column":1}}]},"1":{"type":"branch","line":69,"loc":{"start":{"line":69,"column":19},"end":{"line":69,"column":42}},"locations":[{"start":{"line":69,"column":19},"end":{"line":69,"column":42}}]},"2":{"type":"branch","line":72,"loc":{"start":{"line":72,"column":0},"end":{"line":82,"column":1}},"locations":[{"start":{"line":72,"column":0},"end":{"line":82,"column":1}}]},"3":{"type":"branch","line":73,"loc":{"start":{"line":73,"column":68},"end":{"line":81,"column":3}},"locations":[{"start":{"line":73,"column":68},"end":{"line":81,"column":3}}]},"4":{"type":"branch","line":76,"loc":{"start":{"line":76,"column":29},"end":{"line":78,"column":15}},"locations":[{"start":{"line":76,"column":29},"end":{"line":78,"column":15}}]},"5":{"type":"branch","line":78,"loc":{"start":{"line":78,"column":4},"end":{"line":80,"column":5}},"locations":[{"start":{"line":78,"column":4},"end":{"line":80,"column":5}}]},"6":{"type":"branch","line":78,"loc":{"start":{"line":78,"column":42},"end":{"line":78,"column":76}},"locations":[{"start":{"line":78,"column":42},"end":{"line":78,"column":76}}]},"7":{"type":"branch","line":84,"loc":{"start":{"line":84,"column":7},"end":{"line":87,"column":1}},"locations":[{"start":{"line":84,"column":7},"end":{"line":87,"column":1}}]},"8":{"type":"branch","line":86,"loc":{"start":{"line":86,"column":19},"end":{"line":86,"column":46}},"locations":[{"start":{"line":86,"column":19},"end":{"line":86,"column":46}}]},"9":{"type":"branch","line":86,"loc":{"start":{"line":86,"column":37},"end":{"line":86,"column":52}},"locations":[{"start":{"line":86,"column":37},"end":{"line":86,"column":52}}]},"10":{"type":"branch","line":89,"loc":{"start":{"line":89,"column":7},"end":{"line":95,"column":1}},"locations":[{"start":{"line":89,"column":7},"end":{"line":95,"column":1}}]},"11":{"type":"branch","line":97,"loc":{"start":{"line":97,"column":0},"end":{"line":117,"column":1}},"locations":[{"start":{"line":97,"column":0},"end":{"line":117,"column":1}}]},"12":{"type":"branch","line":98,"loc":{"start":{"line":98,"column":14},"end":{"line":98,"column":38}},"locations":[{"start":{"line":98,"column":14},"end":{"line":98,"column":38}}]},"13":{"type":"branch","line":102,"loc":{"start":{"line":102,"column":33},"end":{"line":104,"column":3}},"locations":[{"start":{"line":102,"column":33},"end":{"line":104,"column":3}}]},"14":{"type":"branch","line":108,"loc":{"start":{"line":108,"column":31},"end":{"line":108,"column":72}},"locations":[{"start":{"line":108,"column":31},"end":{"line":108,"column":72}}]},"15":{"type":"branch","line":119,"loc":{"start":{"line":119,"column":7},"end":{"line":132,"column":1}},"locations":[{"start":{"line":119,"column":7},"end":{"line":132,"column":1}}]},"16":{"type":"branch","line":120,"loc":{"start":{"line":120,"column":14},"end":{"line":120,"column":38}},"locations":[{"start":{"line":120,"column":14},"end":{"line":120,"column":38}}]},"17":{"type":"branch","line":121,"loc":{"start":{"line":121,"column":46},"end":{"line":121,"column":78}},"locations":[{"start":{"line":121,"column":46},"end":{"line":121,"column":78}}]},"18":{"type":"branch","line":123,"loc":{"start":{"line":123,"column":22},"end":{"line":131,"column":3}},"locations":[{"start":{"line":123,"column":22},"end":{"line":131,"column":3}}]},"19":{"type":"branch","line":125,"loc":{"start":{"line":125,"column":20},"end":{"line":128,"column":36}},"locations":[{"start":{"line":125,"column":20},"end":{"line":128,"column":36}}]},"20":{"type":"branch","line":128,"loc":{"start":{"line":128,"column":29},"end":{"line":130,"column":40}},"locations":[{"start":{"line":128,"column":29},"end":{"line":130,"column":40}}]},"21":{"type":"branch","line":134,"loc":{"start":{"line":134,"column":7},"end":{"line":148,"column":1}},"locations":[{"start":{"line":134,"column":7},"end":{"line":148,"column":1}}]},"22":{"type":"branch","line":139,"loc":{"start":{"line":139,"column":32},"end":{"line":141,"column":3}},"locations":[{"start":{"line":139,"column":32},"end":{"line":141,"column":3}}]},"23":{"type":"branch","line":140,"loc":{"start":{"line":140,"column":71},"end":{"line":140,"column":81}},"locations":[{"start":{"line":140,"column":71},"end":{"line":140,"column":81}}]},"24":{"type":"branch","line":136,"loc":{"start":{"line":136,"column":44},"end":{"line":136,"column":71}},"locations":[{"start":{"line":136,"column":44},"end":{"line":136,"column":71}}]},"25":{"type":"branch","line":150,"loc":{"start":{"line":150,"column":7},"end":{"line":170,"column":1}},"locations":[{"start":{"line":150,"column":7},"end":{"line":170,"column":1}}]},"26":{"type":"branch","line":153,"loc":{"start":{"line":153,"column":32},"end":{"line":163,"column":3}},"locations":[{"start":{"line":153,"column":32},"end":{"line":163,"column":3}}]},"27":{"type":"branch","line":155,"loc":{"start":{"line":155,"column":32},"end":{"line":159,"column":6}},"locations":[{"start":{"line":155,"column":32},"end":{"line":159,"column":6}}]},"28":{"type":"branch","line":165,"loc":{"start":{"line":165,"column":35},"end":{"line":169,"column":3}},"locations":[{"start":{"line":165,"column":35},"end":{"line":169,"column":3}}]},"29":{"type":"branch","line":167,"loc":{"start":{"line":167,"column":29},"end":{"line":168,"column":44}},"locations":[{"start":{"line":167,"column":29},"end":{"line":168,"column":44}}]},"30":{"type":"branch","line":172,"loc":{"start":{"line":172,"column":7},"end":{"line":182,"column":1}},"locations":[{"start":{"line":172,"column":7},"end":{"line":182,"column":1}}]},"31":{"type":"branch","line":173,"loc":{"start":{"line":173,"column":34},"end":{"line":173,"column":82}},"locations":[{"start":{"line":173,"column":34},"end":{"line":173,"column":82}}]},"32":{"type":"branch","line":173,"loc":{"start":{"line":173,"column":54},"end":{"line":173,"column":70}},"locations":[{"start":{"line":173,"column":54},"end":{"line":173,"column":70}}]},"33":{"type":"branch","line":173,"loc":{"start":{"line":173,"column":61},"end":{"line":173,"column":82}},"locations":[{"start":{"line":173,"column":61},"end":{"line":173,"column":82}}]},"34":{"type":"branch","line":173,"loc":{"start":{"line":173,"column":70},"end":{"line":174,"column":33}},"locations":[{"start":{"line":173,"column":70},"end":{"line":174,"column":33}}]},"35":{"type":"branch","line":174,"loc":{"start":{"line":174,"column":26},"end":{"line":174,"column":72}},"locations":[{"start":{"line":174,"column":26},"end":{"line":174,"column":72}}]},"36":{"type":"branch","line":174,"loc":{"start":{"line":174,"column":46},"end":{"line":174,"column":60}},"locations":[{"start":{"line":174,"column":46},"end":{"line":174,"column":60}}]},"37":{"type":"branch","line":174,"loc":{"start":{"line":174,"column":53},"end":{"line":174,"column":72}},"locations":[{"start":{"line":174,"column":53},"end":{"line":174,"column":72}}]},"38":{"type":"branch","line":174,"loc":{"start":{"line":174,"column":60},"end":{"line":179,"column":28}},"locations":[{"start":{"line":174,"column":60},"end":{"line":179,"column":28}}]},"39":{"type":"branch","line":179,"loc":{"start":{"line":179,"column":21},"end":{"line":179,"column":42}},"locations":[{"start":{"line":179,"column":21},"end":{"line":179,"column":42}}]},"40":{"type":"branch","line":179,"loc":{"start":{"line":179,"column":38},"end":{"line":180,"column":28}},"locations":[{"start":{"line":179,"column":38},"end":{"line":180,"column":28}}]},"41":{"type":"branch","line":180,"loc":{"start":{"line":180,"column":21},"end":{"line":180,"column":42}},"locations":[{"start":{"line":180,"column":21},"end":{"line":180,"column":42}}]},"42":{"type":"branch","line":180,"loc":{"start":{"line":180,"column":38},"end":{"line":182,"column":1}},"locations":[{"start":{"line":180,"column":38},"end":{"line":182,"column":1}}]},"43":{"type":"branch","line":184,"loc":{"start":{"line":184,"column":7},"end":{"line":187,"column":1}},"locations":[{"start":{"line":184,"column":7},"end":{"line":187,"column":1}}]},"44":{"type":"branch","line":185,"loc":{"start":{"line":185,"column":25},"end":{"line":185,"column":49}},"locations":[{"start":{"line":185,"column":25},"end":{"line":185,"column":49}}]},"45":{"type":"branch","line":185,"loc":{"start":{"line":185,"column":40},"end":{"line":186,"column":35}},"locations":[{"start":{"line":185,"column":40},"end":{"line":186,"column":35}}]},"46":{"type":"branch","line":186,"loc":{"start":{"line":186,"column":31},"end":{"line":186,"column":46}},"locations":[{"start":{"line":186,"column":31},"end":{"line":186,"column":46}}]},"47":{"type":"branch","line":186,"loc":{"start":{"line":186,"column":35},"end":{"line":186,"column":55}},"locations":[{"start":{"line":186,"column":35},"end":{"line":186,"column":55}}]},"48":{"type":"branch","line":204,"loc":{"start":{"line":204,"column":7},"end":{"line":215,"column":1}},"locations":[{"start":{"line":204,"column":7},"end":{"line":215,"column":1}}]},"49":{"type":"branch","line":205,"loc":{"start":{"line":205,"column":13},"end":{"line":205,"column":23}},"locations":[{"start":{"line":205,"column":13},"end":{"line":205,"column":23}}]},"50":{"type":"branch","line":205,"loc":{"start":{"line":205,"column":21},"end":{"line":215,"column":1}},"locations":[{"start":{"line":205,"column":21},"end":{"line":215,"column":1}}]},"51":{"type":"branch","line":207,"loc":{"start":{"line":207,"column":75},"end":{"line":211,"column":5}},"locations":[{"start":{"line":207,"column":75},"end":{"line":211,"column":5}}]},"52":{"type":"branch","line":209,"loc":{"start":{"line":209,"column":8},"end":{"line":209,"column":25}},"locations":[{"start":{"line":209,"column":8},"end":{"line":209,"column":25}}]},"53":{"type":"branch","line":209,"loc":{"start":{"line":209,"column":36},"end":{"line":209,"column":76}},"locations":[{"start":{"line":209,"column":36},"end":{"line":209,"column":76}}]},"54":{"type":"branch","line":212,"loc":{"start":{"line":212,"column":10},"end":{"line":212,"column":37}},"locations":[{"start":{"line":212,"column":10},"end":{"line":212,"column":37}}]},"55":{"type":"branch","line":213,"loc":{"start":{"line":213,"column":9},"end":{"line":213,"column":31}},"locations":[{"start":{"line":213,"column":9},"end":{"line":213,"column":31}}]},"56":{"type":"branch","line":217,"loc":{"start":{"line":217,"column":7},"end":{"line":219,"column":1}},"locations":[{"start":{"line":217,"column":7},"end":{"line":219,"column":1}}]},"57":{"type":"branch","line":218,"loc":{"start":{"line":218,"column":32},"end":{"line":218,"column":44}},"locations":[{"start":{"line":218,"column":32},"end":{"line":218,"column":44}}]},"58":{"type":"branch","line":221,"loc":{"start":{"line":221,"column":7},"end":{"line":223,"column":1}},"locations":[{"start":{"line":221,"column":7},"end":{"line":223,"column":1}}]},"59":{"type":"branch","line":222,"loc":{"start":{"line":222,"column":30},"end":{"line":222,"column":83}},"locations":[{"start":{"line":222,"column":30},"end":{"line":222,"column":83}}]},"60":{"type":"branch","line":222,"loc":{"start":{"line":222,"column":63},"end":{"line":222,"column":83}},"locations":[{"start":{"line":222,"column":63},"end":{"line":222,"column":83}}]},"61":{"type":"branch","line":225,"loc":{"start":{"line":225,"column":7},"end":{"line":228,"column":1}},"locations":[{"start":{"line":225,"column":7},"end":{"line":228,"column":1}}]},"62":{"type":"branch","line":226,"loc":{"start":{"line":226,"column":16},"end":{"line":226,"column":53}},"locations":[{"start":{"line":226,"column":16},"end":{"line":226,"column":53}}]}},"b":{"0":[18],"1":[6],"2":[36],"3":[48],"4":[30],"5":[18],"6":[0],"7":[26],"8":[2],"9":[24],"10":[25],"11":[18],"12":[0],"13":[0],"14":[0],"15":[6],"16":[0],"17":[18],"18":[12],"19":[6],"20":[0],"21":[2],"22":[6],"23":[4],"24":[6],"25":[3],"26":[6],"27":[5],"28":[4],"29":[0],"30":[12],"31":[2],"32":[1],"33":[1],"34":[10],"35":[2],"36":[1],"37":[1],"38":[8],"39":[3],"40":[5],"41":[2],"42":[3],"43":[5],"44":[2],"45":[3],"46":[1],"47":[2],"48":[16],"49":[2],"50":[14],"51":[56],"52":[19],"53":[19],"54":[6],"55":[19],"56":[4],"57":[1],"58":[3],"59":[5],"60":[3],"61":[4],"62":[1]},"fnMap":{"0":{"name":"isLanguageCode","decl":{"start":{"line":68,"column":0},"end":{"line":70,"column":1}},"loc":{"start":{"line":68,"column":0},"end":{"line":70,"column":1}},"line":68},"1":{"name":"walkYamlFiles","decl":{"start":{"line":72,"column":0},"end":{"line":82,"column":1}},"loc":{"start":{"line":72,"column":0},"end":{"line":82,"column":1}},"line":72},"2":{"name":"brewerRank","decl":{"start":{"line":84,"column":7},"end":{"line":87,"column":1}},"loc":{"start":{"line":84,"column":7},"end":{"line":87,"column":1}},"line":84},"3":{"name":"slugifyBrewer","decl":{"start":{"line":89,"column":7},"end":{"line":95,"column":1}},"loc":{"start":{"line":89,"column":7},"end":{"line":95,"column":1}},"line":89},"4":{"name":"normalizeRecipe","decl":{"start":{"line":97,"column":0},"end":{"line":117,"column":1}},"loc":{"start":{"line":97,"column":0},"end":{"line":117,"column":1}},"line":97},"5":{"name":"getRecipes","decl":{"start":{"line":119,"column":7},"end":{"line":132,"column":1}},"loc":{"start":{"line":119,"column":7},"end":{"line":132,"column":1}},"line":119},"6":{"name":"getRecipeCollection","decl":{"start":{"line":134,"column":7},"end":{"line":148,"column":1}},"loc":{"start":{"line":134,"column":7},"end":{"line":148,"column":1}},"line":134},"7":{"name":"getBrewerGroups","decl":{"start":{"line":150,"column":7},"end":{"line":170,"column":1}},"loc":{"start":{"line":150,"column":7},"end":{"line":170,"column":1}},"line":150},"8":{"name":"formatSeconds","decl":{"start":{"line":172,"column":7},"end":{"line":182,"column":1}},"loc":{"start":{"line":172,"column":7},"end":{"line":182,"column":1}},"line":172},"9":{"name":"formatRecipeCount","decl":{"start":{"line":184,"column":7},"end":{"line":187,"column":1}},"loc":{"start":{"line":184,"column":7},"end":{"line":187,"column":1}},"line":184},"10":{"name":"getPourStyles","decl":{"start":{"line":204,"column":7},"end":{"line":215,"column":1}},"loc":{"start":{"line":204,"column":7},"end":{"line":215,"column":1}},"line":204},"11":{"name":"getTotalPhaseWater","decl":{"start":{"line":217,"column":7},"end":{"line":219,"column":1}},"loc":{"start":{"line":217,"column":7},"end":{"line":219,"column":1}},"line":217},"12":{"name":"getTotalWaitSeconds","decl":{"start":{"line":221,"column":7},"end":{"line":223,"column":1}},"loc":{"start":{"line":221,"column":7},"end":{"line":223,"column":1}},"line":221},"13":{"name":"withBase","decl":{"start":{"line":225,"column":7},"end":{"line":228,"column":1}},"loc":{"start":{"line":225,"column":7},"end":{"line":228,"column":1}},"line":225}},"f":{"0":18,"1":36,"2":26,"3":25,"4":18,"5":6,"6":2,"7":3,"8":12,"9":5,"10":16,"11":4,"12":3,"13":4}}
}
